#
# There is insufficient memory for the Java Runtime Environment to continue.
# Native memory allocation (malloc) failed to allocate 668016 bytes for Chunk::new
# Possible reasons:
#   The system is out of physical RAM or swap space
#   In 32 bit mode, the process size limit was hit
# Possible solutions:
#   Reduce memory load on the system
#   Increase physical memory or swap space
#   Check if swap backing store is full
#   Use 64 bit Java on a 64 bit OS
#   Decrease Java heap size (-Xmx/-Xms)
#   Decrease number of Java threads
#   Decrease Java thread stack sizes (-Xss)
#   Set larger code cache with -XX:ReservedCodeCacheSize=
# This output file may be truncated or incomplete.
#
#  Out of Memory Error (allocation.cpp:390), pid=5972, tid=0x00000000000033e4
#
# JRE version: Java(TM) SE Runtime Environment (8.0_181-b13) (build 1.8.0_181-b13)
# Java VM: Java HotSpot(TM) 64-Bit Server VM (25.181-b13 mixed mode windows-amd64 compressed oops)
# Failed to write core dump. Minidumps are not enabled by default on client versions of Windows
#

---------------  T H R E A D  ---------------

Current thread (0x0000000017ad9800):  JavaThread "C2 CompilerThread0" daemon [_thread_in_native, id=13284, stack(0x0000000019130000,0x0000000019230000)]

Stack: [0x0000000019130000,0x0000000019230000]
[error occurred during error reporting (printing stack bounds), id 0xc0000005]

Native frames: (J=compiled Java code, j=interpreted, Vv=VM code, C=native code)


Current CompileTask:
C2:  26730 6329       4       org.springframework.core.ResolvableType::forType (115 bytes)


---------------  P R O C E S S  ---------------

Java Threads: ( => current thread )
  0x000000001a1df000 JavaThread "Abandoned connection cleanup thread" daemon [_thread_blocked, id=12512, stack(0x0000000021690000,0x0000000021790000)]
  0x000000001a1de000 JavaThread "container-0" [_thread_blocked, id=8776, stack(0x0000000021590000,0x0000000021690000)]
  0x000000001a1dd000 JavaThread "ContainerBackgroundProcessor[StandardEngine[Tomcat]]" daemon [_thread_blocked, id=10380, stack(0x0000000021490000,0x0000000021590000)]
  0x000000001a1dc800 JavaThread "restartedMain" [_thread_in_vm, id=2948, stack(0x000000001b450000,0x000000001b550000)]
  0x000000001a462000 JavaThread "Thread-0" [_thread_blocked, id=11300, stack(0x000000001b350000,0x000000001b450000)]
  0x0000000017b2e800 JavaThread "Service Thread" daemon [_thread_blocked, id=6996, stack(0x0000000019830000,0x0000000019930000)]
  0x0000000017ae6000 JavaThread "C1 CompilerThread2" daemon [_thread_blocked, id=14136, stack(0x0000000019330000,0x0000000019430000)]
  0x0000000017adb800 JavaThread "C2 CompilerThread1" daemon [_thread_in_native, id=9012, stack(0x0000000019230000,0x0000000019330000)]
=>0x0000000017ad9800 JavaThread "C2 CompilerThread0" daemon [_thread_in_native, id=13284, stack(0x0000000019130000,0x0000000019230000)]
  0x0000000017ad8000 JavaThread "Attach Listener" daemon [_thread_blocked, id=9164, stack(0x0000000019030000,0x0000000019130000)]
  0x0000000017ad5000 JavaThread "Signal Dispatcher" daemon [_thread_blocked, id=13340, stack(0x0000000018f30000,0x0000000019030000)]
  0x0000000017ac0000 JavaThread "Finalizer" daemon [_thread_blocked, id=2568, stack(0x0000000018d20000,0x0000000018e20000)]
  0x0000000002fd5800 JavaThread "Reference Handler" daemon [_thread_blocked, id=14244, stack(0x0000000018c20000,0x0000000018d20000)]
  0x0000000002ee6000 JavaThread "main" [_thread_blocked, id=1060, stack(0x0000000002d50000,0x0000000002e50000)]

Other Threads:
  0x0000000017a98800 VMThread [stack: 0x0000000018b20000,0x0000000018c20000] [id=13440]
  0x0000000019483800 WatcherThread [stack: 0x0000000019930000,0x0000000019a30000] [id=8600]

VM state:not at safepoint (normal execution)

VM Mutex/Monitor currently owned by a thread: None

Heap:
 PSYoungGen      total 245760K, used 14693K [0x00000000d6000000, 0x00000000eac80000, 0x0000000100000000)
  eden space 228864K, 6% used [0x00000000d6000000,0x00000000d6e59540,0x00000000e3f80000)
  from space 16896K, 0% used [0x00000000e3f80000,0x00000000e3f80000,0x00000000e5000000)
  to   space 18432K, 0% used [0x00000000e9a80000,0x00000000e9a80000,0x00000000eac80000)
 ParOldGen       total 117248K, used 38634K [0x0000000082000000, 0x0000000089280000, 0x00000000d6000000)
  object space 117248K, 32% used [0x0000000082000000,0x00000000845ba8d0,0x0000000089280000)
 Metaspace       used 56841K, capacity 59146K, committed 59416K, reserved 1101824K
  class space    used 7525K, capacity 7965K, committed 7984K, reserved 1048576K

Card table byte_map: [0x00000000123a0000,0x00000000127a0000] byte_map_base: 0x0000000011f90000

Marking Bits: (ParMarkBitMap*) 0x00000000645f2d00
 Begin Bits: [0x0000000012e40000, 0x0000000014dc0000)
 End Bits:   [0x0000000014dc0000, 0x0000000016d40000)

Polling page: 0x0000000002e50000

CodeCache: size=245760Kb used=19770Kb max_used=19988Kb free=225989Kb
 bounds [0x0000000002fe0000, 0x0000000004380000, 0x0000000011fe0000]
 total_blobs=6223 nmethods=5667 adapters=468
 compilation: enabled

Compilation events (10 events):
Event: 26.101 Thread 0x0000000017ae6000 6383       3       org.springframework.beans.PropertyEditorRegistrySupport::setConversionService (6 bytes)
Event: 26.101 Thread 0x0000000017ae6000 nmethod 6383 0x0000000004318f10 code [0x0000000004319060, 0x00000000043191d0]
Event: 26.118 Thread 0x0000000017ae6000 6384       3       org.springframework.expression.spel.standard.InternalSpelExpressionParser::peekToken (30 bytes)
Event: 26.119 Thread 0x0000000017ae6000 nmethod 6384 0x00000000030f1750 code [0x00000000030f18c0, 0x00000000030f1c28]
Event: 26.610 Thread 0x0000000017ae6000 6385       3       org.springframework.aop.support.annotation.AnnotationClassFilter::matches (35 bytes)
Event: 26.611 Thread 0x0000000017ae6000 nmethod 6385 0x0000000003443750 code [0x0000000003443940, 0x0000000003444158]
Event: 26.612 Thread 0x0000000017ae6000 6386       3       org.springframework.beans.factory.support.AbstractBeanFactory::doResolveBeanClass (198 bytes)
Event: 26.615 Thread 0x0000000017ae6000 nmethod 6386 0x000000000435a6d0 code [0x000000000435aa60, 0x000000000435d2c8]
Event: 26.640 Thread 0x0000000017ae6000 6387       3       org.springframework.util.ClassUtils::getAllInterfacesForClassAsSet (106 bytes)
Event: 26.643 Thread 0x0000000017ae6000 nmethod 6387 0x00000000032909d0 code [0x0000000003290d40, 0x0000000003292ad8]

GC Heap History (10 events):
Event: 7.223 GC heap before
{Heap before GC invocations=10 (full 1):
 PSYoungGen      total 169984K, used 52322K [0x00000000d6000000, 0x00000000e3c80000, 0x0000000100000000)
  eden space 159744K, 26% used [0x00000000d6000000,0x00000000d891fb10,0x00000000dfc00000)
  from space 10240K, 99% used [0x00000000e0a80000,0x00000000e1478cf0,0x00000000e1480000)
  to   space 14848K, 0% used [0x00000000dfc00000,0x00000000dfc00000,0x00000000e0a80000)
 ParOldGen       total 57344K, used 15702K [0x0000000082000000, 0x0000000085800000, 0x00000000d6000000)
  object space 57344K, 27% used [0x0000000082000000,0x0000000082f559e8,0x0000000085800000)
 Metaspace       used 33829K, capacity 35344K, committed 35496K, reserved 1079296K
  class space    used 4399K, capacity 4710K, committed 4784K, reserved 1048576K
Event: 7.252 GC heap after
Heap after GC invocations=10 (full 1):
 PSYoungGen      total 174592K, used 8958K [0x00000000d6000000, 0x00000000e6080000, 0x0000000100000000)
  eden space 159744K, 0% used [0x00000000d6000000,0x00000000d6000000,0x00000000dfc00000)
  from space 14848K, 60% used [0x00000000dfc00000,0x00000000e04bf938,0x00000000e0a80000)
  to   space 14336K, 0% used [0x00000000e5280000,0x00000000e5280000,0x00000000e6080000)
 ParOldGen       total 57344K, used 17533K [0x0000000082000000, 0x0000000085800000, 0x00000000d6000000)
  object space 57344K, 30% used [0x0000000082000000,0x000000008311f4f8,0x0000000085800000)
 Metaspace       used 33829K, capacity 35344K, committed 35496K, reserved 1079296K
  class space    used 4399K, capacity 4710K, committed 4784K, reserved 1048576K
}
Event: 7.252 GC heap before
{Heap before GC invocations=11 (full 2):
 PSYoungGen      total 174592K, used 8958K [0x00000000d6000000, 0x00000000e6080000, 0x0000000100000000)
  eden space 159744K, 0% used [0x00000000d6000000,0x00000000d6000000,0x00000000dfc00000)
  from space 14848K, 60% used [0x00000000dfc00000,0x00000000e04bf938,0x00000000e0a80000)
  to   space 14336K, 0% used [0x00000000e5280000,0x00000000e5280000,0x00000000e6080000)
 ParOldGen       total 57344K, used 17533K [0x0000000082000000, 0x0000000085800000, 0x00000000d6000000)
  object space 57344K, 30% used [0x0000000082000000,0x000000008311f4f8,0x0000000085800000)
 Metaspace       used 33829K, capacity 35344K, committed 35496K, reserved 1079296K
  class space    used 4399K, capacity 4710K, committed 4784K, reserved 1048576K
Event: 7.373 GC heap after
Heap after GC invocations=11 (full 2):
 PSYoungGen      total 174592K, used 0K [0x00000000d6000000, 0x00000000e6080000, 0x0000000100000000)
  eden space 159744K, 0% used [0x00000000d6000000,0x00000000d6000000,0x00000000dfc00000)
  from space 14848K, 0% used [0x00000000dfc00000,0x00000000dfc00000,0x00000000e0a80000)
  to   space 14336K, 0% used [0x00000000e5280000,0x00000000e5280000,0x00000000e6080000)
 ParOldGen       total 83456K, used 19648K [0x0000000082000000, 0x0000000087180000, 0x00000000d6000000)
  object space 83456K, 23% used [0x0000000082000000,0x0000000083330300,0x0000000087180000)
 Metaspace       used 33829K, capacity 35344K, committed 35496K, reserved 1079296K
  class space    used 4399K, capacity 4710K, committed 4784K, reserved 1048576K
}
Event: 10.829 GC heap before
{Heap before GC invocations=12 (full 2):
 PSYoungGen      total 174592K, used 159744K [0x00000000d6000000, 0x00000000e6080000, 0x0000000100000000)
  eden space 159744K, 100% used [0x00000000d6000000,0x00000000dfc00000,0x00000000dfc00000)
  from space 14848K, 0% used [0x00000000dfc00000,0x00000000dfc00000,0x00000000e0a80000)
  to   space 14336K, 0% used [0x00000000e5280000,0x00000000e5280000,0x00000000e6080000)
 ParOldGen       total 83456K, used 19648K [0x0000000082000000, 0x0000000087180000, 0x00000000d6000000)
  object space 83456K, 23% used [0x0000000082000000,0x0000000083330300,0x0000000087180000)
 Metaspace       used 47803K, capacity 49430K, committed 49704K, reserved 1091584K
  class space    used 6315K, capacity 6629K, committed 6704K, reserved 1048576K
Event: 10.856 GC heap after
Heap after GC invocations=12 (full 2):
 PSYoungGen      total 237568K, used 14311K [0x00000000d6000000, 0x00000000e6080000, 0x0000000100000000)
  eden space 223232K, 0% used [0x00000000d6000000,0x00000000d6000000,0x00000000e3a00000)
  from space 14336K, 99% used [0x00000000e5280000,0x00000000e6079c50,0x00000000e6080000)
  to   space 16896K, 0% used [0x00000000e3f80000,0x00000000e3f80000,0x00000000e5000000)
 ParOldGen       total 83456K, used 21266K [0x0000000082000000, 0x0000000087180000, 0x00000000d6000000)
  object space 83456K, 25% used [0x0000000082000000,0x00000000834c4be8,0x0000000087180000)
 Metaspace       used 47803K, capacity 49430K, committed 49704K, reserved 1091584K
  class space    used 6315K, capacity 6629K, committed 6704K, reserved 1048576K
}
Event: 26.123 GC heap before
{Heap before GC invocations=13 (full 2):
 PSYoungGen      total 237568K, used 188793K [0x00000000d6000000, 0x00000000e6080000, 0x0000000100000000)
  eden space 223232K, 78% used [0x00000000d6000000,0x00000000e0a64820,0x00000000e3a00000)
  from space 14336K, 99% used [0x00000000e5280000,0x00000000e6079c50,0x00000000e6080000)
  to   space 16896K, 0% used [0x00000000e3f80000,0x00000000e3f80000,0x00000000e5000000)
 ParOldGen       total 83456K, used 21266K [0x0000000082000000, 0x0000000087180000, 0x00000000d6000000)
  object space 83456K, 25% used [0x0000000082000000,0x00000000834c4be8,0x0000000087180000)
 Metaspace       used 56799K, capacity 59056K, committed 59160K, reserved 1099776K
  class space    used 7508K, capacity 7934K, committed 7984K, reserved 1048576K
Event: 26.162 GC heap after
Heap after GC invocations=13 (full 2):
 PSYoungGen      total 245760K, used 14592K [0x00000000d6000000, 0x00000000eac80000, 0x0000000100000000)
  eden space 228864K, 0% used [0x00000000d6000000,0x00000000d6000000,0x00000000e3f80000)
  from space 16896K, 86% used [0x00000000e3f80000,0x00000000e4dc01a0,0x00000000e5000000)
  to   space 18432K, 0% used [0x00000000e9a80000,0x00000000e9a80000,0x00000000eac80000)
 ParOldGen       total 83456K, used 26940K [0x0000000082000000, 0x0000000087180000, 0x00000000d6000000)
  object space 83456K, 32% used [0x0000000082000000,0x0000000083a4f178,0x0000000087180000)
 Metaspace       used 56799K, capacity 59056K, committed 59160K, reserved 1099776K
  class space    used 7508K, capacity 7934K, committed 7984K, reserved 1048576K
}
Event: 26.162 GC heap before
{Heap before GC invocations=14 (full 3):
 PSYoungGen      total 245760K, used 14592K [0x00000000d6000000, 0x00000000eac80000, 0x0000000100000000)
  eden space 228864K, 0% used [0x00000000d6000000,0x00000000d6000000,0x00000000e3f80000)
  from space 16896K, 86% used [0x00000000e3f80000,0x00000000e4dc01a0,0x00000000e5000000)
  to   space 18432K, 0% used [0x00000000e9a80000,0x00000000e9a80000,0x00000000eac80000)
 ParOldGen       total 83456K, used 26940K [0x0000000082000000, 0x0000000087180000, 0x00000000d6000000)
  object space 83456K, 32% used [0x0000000082000000,0x0000000083a4f178,0x0000000087180000)
 Metaspace       used 56799K, capacity 59056K, committed 59160K, reserved 1099776K
  class space    used 7508K, capacity 7934K, committed 7984K, reserved 1048576K
Event: 26.519 GC heap after
Heap after GC invocations=14 (full 3):
 PSYoungGen      total 245760K, used 0K [0x00000000d6000000, 0x00000000eac80000, 0x0000000100000000)
  eden space 228864K, 0% used [0x00000000d6000000,0x00000000d6000000,0x00000000e3f80000)
  from space 16896K, 0% used [0x00000000e3f80000,0x00000000e3f80000,0x00000000e5000000)
  to   space 18432K, 0% used [0x00000000e9a80000,0x00000000e9a80000,0x00000000eac80000)
 ParOldGen       total 117248K, used 38634K [0x0000000082000000, 0x0000000089280000, 0x00000000d6000000)
  object space 117248K, 32% used [0x0000000082000000,0x00000000845ba8d0,0x0000000089280000)
 Metaspace       used 56795K, capacity 59050K, committed 59160K, reserved 1099776K
  class space    used 7507K, capacity 7933K, committed 7984K, reserved 1048576K
}

Deoptimization events (10 events):
Event: 24.648 Thread 0x000000001a1dc800 Uncommon trap: reason=unstable_if action=reinterpret pc=0x0000000004018470 method=java.util.regex.Pattern$SliceI.match(Ljava/util/regex/Matcher;ILjava/lang/CharSequence;)Z @ 29
Event: 24.828 Thread 0x000000001a1dc800 Uncommon trap: reason=unstable_if action=reinterpret pc=0x0000000003c16db8 method=org.springframework.util.ClassUtils.isAssignable(Ljava/lang/Class;Ljava/lang/Class;)Z @ 66
Event: 25.285 Thread 0x000000001a1dc800 Uncommon trap: reason=unstable_if action=reinterpret pc=0x00000000041e0238 method=org.springframework.core.annotation.AnnotatedElementUtils.searchWithFindSemantics(Ljava/lang/reflect/AnnotatedElement;Ljava/lang/Class;Ljava/lang/String;Ljava/lang/Class;Lor
Event: 25.371 Thread 0x000000001a1dc800 Uncommon trap: reason=unstable_if action=reinterpret pc=0x0000000003c7fdb8 method=org.springframework.asm.Frame.merge(Lorg/springframework/asm/ClassWriter;I[II)Z @ 80
Event: 25.371 Thread 0x000000001a1dc800 Uncommon trap: reason=unstable_if action=reinterpret pc=0x0000000003a77924 method=org.springframework.asm.Frame.merge(Lorg/springframework/asm/ClassWriter;I[II)Z @ 80
Event: 25.374 Thread 0x000000001a1dc800 Uncommon trap: reason=range_check action=make_not_entrant pc=0x0000000003cd6068 method=java.lang.String.charAt(I)C @ 27
Event: 25.386 Thread 0x000000001a1dc800 Uncommon trap: reason=unstable_if action=reinterpret pc=0x0000000003131410 method=java.lang.Class.arrayContentsEq([Ljava/lang/Object;[Ljava/lang/Object;)Z @ 1
Event: 25.390 Thread 0x000000001a1dc800 Uncommon trap: reason=unstable_if action=reinterpret pc=0x0000000003bd1f00 method=org.springframework.aop.framework.autoproxy.AbstractAutoProxyCreator.predictBeanType(Ljava/lang/Class;Ljava/lang/String;)Ljava/lang/Class; @ 9
Event: 25.406 Thread 0x000000001a1dc800 Uncommon trap: reason=unstable_if action=reinterpret pc=0x0000000003afa75c method=org.springframework.beans.factory.support.AbstractAutowireCapableBeanFactory.predictBeanType(Ljava/lang/String;Lorg/springframework/beans/factory/support/RootBeanDefinition;
Event: 25.854 Thread 0x000000001a1dc800 Uncommon trap: reason=unstable_if action=reinterpret pc=0x000000000391a8bc method=java.util.Arrays$ArrayList.indexOf(Ljava/lang/Object;)I @ 6

Classes redefined (0 events):
No events

Internal exceptions (10 events):
Event: 26.631 Thread 0x000000001a1dc800 Exception <a 'java/lang/ClassNotFoundException': java/lang/ObjectCustomizer> (0x00000000d68d2f60) thrown at [C:\re\workspace\8-2-build-windows-amd64-cygwin\jdk8u181\11358\hotspot\src\share\vm\classfile\systemDictionary.cpp, line 210]
Event: 26.633 Thread 0x000000001a1dc800 Exception <a 'java/lang/ClassNotFoundException': org/springframework/security/web/access/DefaultWebInvocationPrivilegeEvaluatorCustomizer> (0x00000000d68fac60) thrown at [C:\re\workspace\8-2-build-windows-amd64-cygwin\jdk8u181\11358\hotspot\src\share\vm\c
Event: 26.633 Thread 0x000000001a1dc800 Exception <a 'java/lang/ClassNotFoundException': org/springframework/security/web/access/WebInvocationPrivilegeEvaluatorCustomizer> (0x00000000d691fef8) thrown at [C:\re\workspace\8-2-build-windows-amd64-cygwin\jdk8u181\11358\hotspot\src\share\vm\classfil
Event: 26.636 Thread 0x000000001a1dc800 Exception <a 'java/lang/ClassNotFoundException': java/lang/ObjectCustomizer> (0x00000000d693e1e0) thrown at [C:\re\workspace\8-2-build-windows-amd64-cygwin\jdk8u181\11358\hotspot\src\share\vm\classfile\systemDictionary.cpp, line 210]
Event: 26.636 Thread 0x000000001a1dc800 Exception <a 'java/lang/ClassNotFoundException': org/springframework/security/web/servlet/support/csrf/CsrfRequestDataValueProcessorCustomizer> (0x00000000d6967b90) thrown at [C:\re\workspace\8-2-build-windows-amd64-cygwin\jdk8u181\11358\hotspot\src\share
Event: 26.638 Thread 0x000000001a1dc800 Exception <a 'java/lang/ClassNotFoundException': org/springframework/web/servlet/support/RequestDataValueProcessorCustomizer> (0x00000000d698eab0) thrown at [C:\re\workspace\8-2-build-windows-amd64-cygwin\jdk8u181\11358\hotspot\src\share\vm\classfile\syst
Event: 26.645 Thread 0x000000001a1dc800 Exception <a 'java/lang/ClassNotFoundException': java/lang/ObjectCustomizer> (0x00000000d69a8db8) thrown at [C:\re\workspace\8-2-build-windows-amd64-cygwin\jdk8u181\11358\hotspot\src\share\vm\classfile\systemDictionary.cpp, line 210]
Event: 26.646 Thread 0x000000001a1dc800 Exception <a 'java/lang/ClassNotFoundException': org/springframework/boot/autoconfigure/context/PropertyPlaceholderAutoConfigurationCustomizer> (0x00000000d69d2638) thrown at [C:\re\workspace\8-2-build-windows-amd64-cygwin\jdk8u181\11358\hotspot\src\share
Event: 26.647 Thread 0x000000001a1dc800 Exception <a 'java/lang/ClassNotFoundException': org/springframework/boot/autoconfigure/context/PropertyPlaceholderAutoConfiguration$$EnhancerBySpringCGLIB$$8100df59Customizer> (0x00000000d6a04480) thrown at [C:\re\workspace\8-2-build-windows-amd64-cygwin
Event: 26.648 Thread 0x000000001a1dc800 Exception <a 'java/lang/ClassNotFoundException': org/springframework/context/annotation/ConfigurationClassEnhancer$EnhancedConfigurationCustomizer> (0x00000000d6a313e0) thrown at [C:\re\workspace\8-2-build-windows-amd64-cygwin\jdk8u181\11358\hotspot\src\s

Events (10 events):
Event: 26.647 loading class org/springframework/boot/autoconfigure/context/PropertyPlaceholderAutoConfiguration$$EnhancerBySpringCGLIB$$8100df59Customizer
Event: 26.647 loading class org/springframework/boot/autoconfigure/context/PropertyPlaceholderAutoConfiguration$$EnhancerBySpringCGLIB$$8100df59Customizer done
Event: 26.647 loading class org/springframework/boot/autoconfigure/context/PropertyPlaceholderAutoConfiguration$$EnhancerBySpringCGLIB$$8100df59Customizer
Event: 26.647 loading class org/springframework/boot/autoconfigure/context/PropertyPlaceholderAutoConfiguration$$EnhancerBySpringCGLIB$$8100df59Customizer done
Event: 26.648 loading class org/springframework/context/annotation/ConfigurationClassEnhancer$EnhancedConfigurationCustomizer
Event: 26.648 loading class org/springframework/context/annotation/ConfigurationClassEnhancer$EnhancedConfigurationCustomizer done
Event: 26.648 loading class org/springframework/context/annotation/ConfigurationClassEnhancer$EnhancedConfigurationCustomizer
Event: 26.648 loading class org/springframework/context/annotation/ConfigurationClassEnhancer$EnhancedConfigurationCustomizer done
Event: 26.648 loading class org/springframework/context/annotation/ConfigurationClassEnhancer$EnhancedConfigurationCustomizer
Event: 26.648 loading class org/springframework/context/annotation/ConfigurationClassEnhancer$EnhancedConfigurationCustomizer done


Dynamic libraries:
0x00007ff700fe0000 - 0x00007ff701017000 	C:\Program Files\Java\jre1.8.0_181\bin\javaw.exe
0x00007fffda350000 - 0x00007fffda531000 	C:\WINDOWS\SYSTEM32\ntdll.dll
0x00007fffd7910000 - 0x00007fffd79c2000 	C:\WINDOWS\System32\KERNEL32.DLL
0x00007fffd6820000 - 0x00007fffd6a93000 	C:\WINDOWS\System32\KERNELBASE.dll
0x00007fffd7860000 - 0x00007fffd7901000 	C:\WINDOWS\System32\ADVAPI32.dll
0x00007fffd8780000 - 0x00007fffd881e000 	C:\WINDOWS\System32\msvcrt.dll
0x00007fffd7b50000 - 0x00007fffd7bab000 	C:\WINDOWS\System32\sechost.dll
0x00007fffd9e20000 - 0x00007fffd9f44000 	C:\WINDOWS\System32\RPCRT4.dll
0x00007fffd7f10000 - 0x00007fffd80a0000 	C:\WINDOWS\System32\USER32.dll
0x00007fffd7470000 - 0x00007fffd7490000 	C:\WINDOWS\System32\win32u.dll
0x00007fffd80a0000 - 0x00007fffd80c8000 	C:\WINDOWS\System32\GDI32.dll
0x00007fffd7530000 - 0x00007fffd76c2000 	C:\WINDOWS\System32\gdi32full.dll
0x00007fffd7490000 - 0x00007fffd752f000 	C:\WINDOWS\System32\msvcp_win.dll
0x00007fffd6720000 - 0x00007fffd6818000 	C:\WINDOWS\System32\ucrtbase.dll
0x00007fffcd420000 - 0x00007fffcd689000 	C:\WINDOWS\WinSxS\amd64_microsoft.windows.common-controls_6595b64144ccf1df_6.0.17134.648_none_fb45a0e93062a6d2\COMCTL32.dll
0x00007fffd9f50000 - 0x00007fffda272000 	C:\WINDOWS\System32\combase.dll
0x00007fffd73f0000 - 0x00007fffd746a000 	C:\WINDOWS\System32\bcryptPrimitives.dll
0x00007fffd9df0000 - 0x00007fffd9e1d000 	C:\WINDOWS\System32\IMM32.DLL
0x00000000637f0000 - 0x00000000638c2000 	C:\Program Files\Java\jre1.8.0_181\bin\msvcr100.dll
0x0000000063dd0000 - 0x0000000064672000 	C:\Program Files\Java\jre1.8.0_181\bin\server\jvm.dll
0x00007fffd81c0000 - 0x00007fffd81c8000 	C:\WINDOWS\System32\PSAPI.DLL
0x00007fffc2f70000 - 0x00007fffc2f79000 	C:\WINDOWS\SYSTEM32\WSOCK32.dll
0x00007fffd4660000 - 0x00007fffd4683000 	C:\WINDOWS\SYSTEM32\WINMM.dll
0x00007fffd81e0000 - 0x00007fffd824c000 	C:\WINDOWS\System32\WS2_32.dll
0x00007fffcfaa0000 - 0x00007fffcfaaa000 	C:\WINDOWS\SYSTEM32\VERSION.dll
0x00007fffd4630000 - 0x00007fffd465a000 	C:\WINDOWS\SYSTEM32\WINMMBASE.dll
0x00007fffd6aa0000 - 0x00007fffd6ae9000 	C:\WINDOWS\System32\cfgmgr32.dll
0x0000000063dc0000 - 0x0000000063dcf000 	C:\Program Files\Java\jre1.8.0_181\bin\verify.dll
0x0000000063d90000 - 0x0000000063db9000 	C:\Program Files\Java\jre1.8.0_181\bin\java.dll
0x0000000063d70000 - 0x0000000063d86000 	C:\Program Files\Java\jre1.8.0_181\bin\zip.dll
0x00007fffd8930000 - 0x00007fffd9d70000 	C:\WINDOWS\System32\SHELL32.dll
0x00007fffd8820000 - 0x00007fffd88c9000 	C:\WINDOWS\System32\shcore.dll
0x00007fffd6ce0000 - 0x00007fffd73ed000 	C:\WINDOWS\System32\windows.storage.dll
0x00007fffd77e0000 - 0x00007fffd7831000 	C:\WINDOWS\System32\shlwapi.dll
0x00007fffd66c0000 - 0x00007fffd66d1000 	C:\WINDOWS\System32\kernel.appcore.dll
0x00007fffd66e0000 - 0x00007fffd66ff000 	C:\WINDOWS\System32\profapi.dll
0x00007fffd6670000 - 0x00007fffd66bc000 	C:\WINDOWS\System32\powrprof.dll
0x00007fffd6660000 - 0x00007fffd666a000 	C:\WINDOWS\System32\FLTLIB.DLL
0x0000000063ce0000 - 0x0000000063ced000 	C:\Program Files\Java\jre1.8.0_181\bin\management.dll
0x0000000063d50000 - 0x0000000063d6a000 	C:\Program Files\Java\jre1.8.0_181\bin\net.dll
0x00007fffd5e80000 - 0x00007fffd5ee6000 	C:\WINDOWS\system32\mswsock.dll
0x00007fffc5500000 - 0x00007fffc5516000 	C:\WINDOWS\system32\napinsp.dll
0x00007fffc38b0000 - 0x00007fffc38ca000 	C:\WINDOWS\system32\pnrpnsp.dll
0x00007fffd2e00000 - 0x00007fffd2e19000 	C:\WINDOWS\system32\NLAapi.dll
0x00007fffd5c50000 - 0x00007fffd5d0e000 	C:\WINDOWS\SYSTEM32\DNSAPI.dll
0x00007fffd8770000 - 0x00007fffd8778000 	C:\WINDOWS\System32\NSI.dll
0x00007fffd5c00000 - 0x00007fffd5c38000 	C:\WINDOWS\SYSTEM32\IPHLPAPI.DLL
0x00007fffc6040000 - 0x00007fffc604e000 	C:\WINDOWS\System32\winrnr.dll
0x00007fffd14d0000 - 0x00007fffd14e5000 	C:\WINDOWS\System32\wshbth.dll
0x00007fffcafb0000 - 0x00007fffcafba000 	C:\Windows\System32\rasadhlp.dll
0x00007fffcb470000 - 0x00007fffcb4e2000 	C:\WINDOWS\System32\fwpuclnt.dll
0x00007fffd6160000 - 0x00007fffd6185000 	C:\WINDOWS\SYSTEM32\bcrypt.dll
0x0000000063d30000 - 0x0000000063d41000 	C:\Program Files\Java\jre1.8.0_181\bin\nio.dll
0x00007fffd6030000 - 0x00007fffd6047000 	C:\WINDOWS\SYSTEM32\CRYPTSP.dll
0x00007fffd5a60000 - 0x00007fffd5a93000 	C:\WINDOWS\system32\rsaenh.dll
0x00007fffd6590000 - 0x00007fffd65b8000 	C:\WINDOWS\SYSTEM32\USERENV.dll
0x00007fffd6050000 - 0x00007fffd605b000 	C:\WINDOWS\SYSTEM32\CRYPTBASE.dll
0x00007fffce390000 - 0x00007fffce3a6000 	C:\WINDOWS\SYSTEM32\dhcpcsvc6.DLL
0x00007fffce370000 - 0x00007fffce38a000 	C:\WINDOWS\SYSTEM32\dhcpcsvc.DLL
0x0000000063d00000 - 0x0000000063d24000 	C:\Program Files\Java\jre1.8.0_181\bin\sunec.dll
0x0000000063cf0000 - 0x0000000063cfb000 	C:\Program Files\Java\jre1.8.0_181\bin\sunmscapi.dll
0x00007fffd6af0000 - 0x00007fffd6cd2000 	C:\WINDOWS\System32\CRYPT32.dll
0x00007fffd6700000 - 0x00007fffd6712000 	C:\WINDOWS\System32\MSASN1.dll

VM Arguments:
jvm_args: -Dfile.encoding=UTF-8 
java_command: com.sgc.SGC.SgcApplication
java_class_path (initial): C:\Program Files\Java\jre1.8.0_181\lib\resources.jar;C:\Program Files\Java\jre1.8.0_181\lib\rt.jar;C:\Program Files\Java\jre1.8.0_181\lib\jsse.jar;C:\Program Files\Java\jre1.8.0_181\lib\jce.jar;C:\Program Files\Java\jre1.8.0_181\lib\charsets.jar;C:\Program Files\Java\jre1.8.0_181\lib\jfr.jar;C:\Program Files\Java\jre1.8.0_181\lib\ext\access-bridge-64.jar;C:\Program Files\Java\jre1.8.0_181\lib\ext\cldrdata.jar;C:\Program Files\Java\jre1.8.0_181\lib\ext\dnsns.jar;C:\Program Files\Java\jre1.8.0_181\lib\ext\jaccess.jar;C:\Program Files\Java\jre1.8.0_181\lib\ext\jfxrt.jar;C:\Program Files\Java\jre1.8.0_181\lib\ext\localedata.jar;C:\Program Files\Java\jre1.8.0_181\lib\ext\nashorn.jar;C:\Program Files\Java\jre1.8.0_181\lib\ext\sunec.jar;C:\Program Files\Java\jre1.8.0_181\lib\ext\sunjce_provider.jar;C:\Program Files\Java\jre1.8.0_181\lib\ext\sunmscapi.jar;C:\Program Files\Java\jre1.8.0_181\lib\ext\sunpkcs11.jar;C:\Program Files\Java\jre1.8.0_181\lib\ext\zipfs.jar;D:\Documentos\Workspace-web\SGC\target\classes;C:\Users\leand\.m2\repository\org\springframework\boot\spring-boot-starter-thymeleaf\2.0.4.RELEASE\spring-boot-starter-thymeleaf-2.0.4.RELEASE.jar;C:\Users\leand\.m2\repository\org\springframework\boot\spring-boot-starter\2.0.4.RELEASE\spring-boot-starter-2.0.4.RELEASE.jar;C:\Users\leand\.m2\repository\org\springframework\boot\spring-boot-starter-logging\2.0.4.RELEASE\spring-boot-starter-logging-2.0.4.RELEASE.jar;C:\Users\leand\.m2\repository\ch\qos\logback\logback-classic\1.2.3\logback-classic-1.2.3.jar;C:\Users\leand\.m2\repository\ch\qos\logback\logback-core\1.2.3\logback-core-1.2.3.jar;C:\Users\leand\.m2\repository\org\apache\logging\log4j\log4j-to-slf4j\2.10.0\log4j-to-slf4j-2.10.0.jar;C:\Users\leand\.m2\repository\org\apache\logging\log4j\log4j-api\2.10.0\log4j-api-2.10.0.jar;C:\Users\leand\.m2\repository\org\slf4j\jul-to-slf4j\1.7.25\jul-to-slf4j-1.7.25.jar;C:\Users\leand\.m2\repository\javax\annotation\javax.annotation-api\1.3.2\jav
Launcher Type: SUN_STANDARD

Environment Variables:
JAVA_HOME=C:\Program Files\Java\jdk1.8.0_181
JRE_HOME=C:\Program Files\Java\jre1.8.0_181
PATH=C:/Program Files/Java/jre1.8.0_181/bin/server;C:/Program Files/Java/jre1.8.0_181/bin;C:/Program Files/Java/jre1.8.0_181/lib/amd64;C:\Program Files (x86)\Common Files\Oracle\Java\javapath;C:\Windows\system32;C:\Windows;C:\Windows\System32\Wbem;C:\Windows\System32\WindowsPowerShell\v1.0\;C:\Program Files (x86)\NVIDIA Corporation\PhysX\Common;C:\WINDOWS\system32;C:\WINDOWS;C:\WINDOWS\System32\Wbem;C:\WINDOWS\System32\WindowsPowerShell\v1.0\;C:\WINDOWS\System32\OpenSSH\;C:\Program Files\Git\cmd;C:\Program Files\nodejs\;C:\Program Files\PostgreSQL\9.6\bin;C:\Program Files\PostgreSQL\psqlODBC\bin;C:\Users\leand\AppData\Local\Microsoft\WindowsApps;C:\Users\leand\AppData\Roaming\npm;C:\Users\leand\AppData\Local\Programs\Microsoft VS Code\bin;C:\ProgramData\leand\GitHubDesktop\bin;C:\Users\leand\AppData\Local\GitHubDesktop\bin;C:\Program Files\heroku\bin;C:\Users\leand\Desktop;
USERNAME=leand
OS=Windows_NT
PROCESSOR_IDENTIFIER=Intel64 Family 6 Model 58 Stepping 9, GenuineIntel



---------------  S Y S T E M  ---------------

OS: Windows 10.0 , 64 bit Build 17134 (10.0.17134.648)

CPU:total 4 (initial active 4) (2 cores per cpu, 2 threads per core) family 6 model 58 stepping 9, cmov, cx8, fxsr, mmx, sse, sse2, sse3, ssse3, sse4.1, sse4.2, popcnt, avx, aes, clmul, erms, ht, tsc, tscinvbit, tscinv

Memory: 4k page, physical 8250456k(733760k free), swap 33416280k(4276k free)

vm_info: Java HotSpot(TM) 64-Bit Server VM (25.181-b13) for windows-amd64 JRE (1.8.0_181-b13), built on Jul  7 2018 04:01:33 by "java_re" with MS VC++ 10.0 (VS2010)

time: Sat Mar 23 15:58:38 2019
elapsed time: 26 seconds (0d 0h 0m 26s)

